<?xml version="1.0" encoding="UTF-8"?>
<!-- Generated by org.testng.reporters.JUnitReportReporter -->
<testsuite hostname="DESKTOP-CCNRR3V" failures="0" tests="1" name="Academy.HomePage" time="12.866" errors="0" timestamp="2021-04-17T15:11:39 IST" skipped="0">
  <testcase classname="Academy.HomePage" name="basePageNavigator" time="12.866"/>
  <system-out/>
</testsuite> <!-- Academy.HomePage -->
